<?xml version="1.0" encoding="UTF-8"?>
<!-- Generated by org.testng.reporters.JUnitReportReporter -->
<testsuite skipped="0" hostname="SpearHead-PC" name="com.dpreview.auto.tests.DpreviewLoginTest" tests="4" failures="0" timestamp="06 Nov 2018 18:38:33 GMT" time="54.615" errors="0">
  <testcase name="loginPageTest" time="18.207" classname="com.dpreview.auto.tests.DpreviewLoginTest"/>
  <testcase name="loginDetails1" time="32.204" classname="com.dpreview.auto.tests.DpreviewLoginTest"/>
  <testcase name="enterSettingsTest" time="2.459" classname="com.dpreview.auto.tests.DpreviewLoginTest"/>
  <testcase name="userSettingsTest" time="1.745" classname="com.dpreview.auto.tests.DpreviewLoginTest"/>
</testsuite> <!-- com.dpreview.auto.tests.DpreviewLoginTest -->
