<?xml version="1.0" encoding="UTF-8"?>
<!-- Generated by org.testng.reporters.JUnitReportReporter -->
<testsuite skipped="0" hostname="SpearHead-PC" name="com.dpreview.auto.tests.T2_DpreviewLoginTest" tests="5" failures="0" timestamp="26 Nov 2018 23:42:34 GMT" time="57.524" errors="0">
  <testcase name="loginPageTest" time="19.625" classname="com.dpreview.auto.tests.T2_DpreviewLoginTest"/>
  <testcase name="loginDetails1" time="32.282" classname="com.dpreview.auto.tests.T2_DpreviewLoginTest"/>
  <testcase name="enterSettingsTest" time="1.851" classname="com.dpreview.auto.tests.T2_DpreviewLoginTest"/>
  <testcase name="userSettingsTest" time="2.775" classname="com.dpreview.auto.tests.T2_DpreviewLoginTest"/>
  <testcase name="navigateToOverviewPage" time="0.991" classname="com.dpreview.auto.tests.T2_DpreviewLoginTest"/>
</testsuite> <!-- com.dpreview.auto.tests.T2_DpreviewLoginTest -->
