<?xml version="1.0" encoding="UTF-8"?>
<!-- Generated by org.testng.reporters.JUnitReportReporter -->
<testsuite skipped="0" hostname="SpearHead-PC" name="com.dpreview.auto.tests.DpreviewFeedbackSendingTest" tests="5" failures="0" timestamp="08 Nov 2018 17:17:53 GMT" time="83.226" errors="0">
  <testcase name="homePage" time="63.749" classname="com.dpreview.auto.tests.DpreviewFeedbackSendingTest"/>
  <testcase name="feedbackPageAccess" time="5.802" classname="com.dpreview.auto.tests.DpreviewFeedbackSendingTest"/>
  <testcase name="scrollToContactingUs" time="10.065" classname="com.dpreview.auto.tests.DpreviewFeedbackSendingTest"/>
  <testcase name="scrollToYourEmail" time="0.063" classname="com.dpreview.auto.tests.DpreviewFeedbackSendingTest"/>
  <testcase name="sendFeedback" time="3.547" classname="com.dpreview.auto.tests.DpreviewFeedbackSendingTest"/>
</testsuite> <!-- com.dpreview.auto.tests.DpreviewFeedbackSendingTest -->
