<?xml version="1.0" encoding="UTF-8"?>
<!-- Generated by org.testng.reporters.JUnitReportReporter -->
<testsuite skipped="0" hostname="SpearHead-PC" name="com.dpreview.auto.tests.T10_DpreviewNikonD5ReviewConclusionTest" tests="4" failures="0" timestamp="26 Nov 2018 23:22:48 GMT" time="30.372" errors="0">
  <testcase name="validatingConclusionPage" time="15.177" classname="com.dpreview.auto.tests.T10_DpreviewNikonD5ReviewConclusionTest"/>
  <testcase name="conclusionHeadline" time="5.087" classname="com.dpreview.auto.tests.T10_DpreviewNikonD5ReviewConclusionTest"/>
  <testcase name="overallConclusion" time="5.053" classname="com.dpreview.auto.tests.T10_DpreviewNikonD5ReviewConclusionTest"/>
  <testcase name="handling" time="5.055" classname="com.dpreview.auto.tests.T10_DpreviewNikonD5ReviewConclusionTest"/>
</testsuite> <!-- com.dpreview.auto.tests.T10_DpreviewNikonD5ReviewConclusionTest -->
