<?xml version="1.0" encoding="UTF-8"?>
<!-- Generated by org.testng.reporters.JUnitReportReporter -->
<testsuite skipped="0" hostname="SpearHead-PC" name="com.dpreview.auto.tests.T2_DpreviewLoginTest" tests="5" failures="0" timestamp="27 Nov 2018 10:31:09 GMT" time="60.332" errors="0">
  <testcase name="loginPageTest" time="16.998" classname="com.dpreview.auto.tests.T2_DpreviewLoginTest"/>
  <testcase name="loginDetails1" time="34.233" classname="com.dpreview.auto.tests.T2_DpreviewLoginTest"/>
  <testcase name="enterSettingsTest" time="2.217" classname="com.dpreview.auto.tests.T2_DpreviewLoginTest"/>
  <testcase name="userSettingsTest" time="2.709" classname="com.dpreview.auto.tests.T2_DpreviewLoginTest"/>
  <testcase name="navigateToOverviewPage" time="4.175" classname="com.dpreview.auto.tests.T2_DpreviewLoginTest"/>
</testsuite> <!-- com.dpreview.auto.tests.T2_DpreviewLoginTest -->
