<?xml version="1.0" encoding="UTF-8"?>
<!-- Generated by org.testng.reporters.JUnitReportReporter -->
<testsuite skipped="0" hostname="SpearHead-PC" name="com.dpreview.auto.tests.DpreviewFeedbackTest" tests="6" failures="0" timestamp="07 Nov 2018 14:34:16 GMT" time="21.973" errors="0">
  <testcase name="homePage" time="14.424" classname="com.dpreview.auto.tests.DpreviewFeedbackTest"/>
  <testcase name="feedbackPageAccess" time="2.330" classname="com.dpreview.auto.tests.DpreviewFeedbackTest"/>
  <testcase name="feedbackForum" time="1.215" classname="com.dpreview.auto.tests.DpreviewFeedbackTest"/>
  <testcase name="discussionsTab" time="1.257" classname="com.dpreview.auto.tests.DpreviewFeedbackTest"/>
  <testcase name="questionsTab" time="1.532" classname="com.dpreview.auto.tests.DpreviewFeedbackTest"/>
  <testcase name="allThreadsTab" time="1.215" classname="com.dpreview.auto.tests.DpreviewFeedbackTest"/>
</testsuite> <!-- com.dpreview.auto.tests.DpreviewFeedbackTest -->
