<?xml version="1.0" encoding="UTF-8"?>
<!-- Generated by org.testng.reporters.JUnitReportReporter -->
<testsuite skipped="0" hostname="SpearHead-PC" name="com.dpreview.auto.tests.DpreviewFeedbackAndHelpTest" tests="6" failures="0" timestamp="13 Dec 2018 07:55:02 GMT" time="26.121" errors="0">
  <testcase name="homePage" time="14.094" classname="com.dpreview.auto.tests.DpreviewFeedbackAndHelpTest"/>
  <testcase name="feedbackPageAccess" time="1.739" classname="com.dpreview.auto.tests.DpreviewFeedbackAndHelpTest"/>
  <testcase name="feedbackForum" time="1.138" classname="com.dpreview.auto.tests.DpreviewFeedbackAndHelpTest"/>
  <testcase name="discussionsTab" time="1.421" classname="com.dpreview.auto.tests.DpreviewFeedbackAndHelpTest"/>
  <testcase name="questionsTab" time="1.312" classname="com.dpreview.auto.tests.DpreviewFeedbackAndHelpTest"/>
  <testcase name="allThreadsTab" time="6.417" classname="com.dpreview.auto.tests.DpreviewFeedbackAndHelpTest"/>
</testsuite> <!-- com.dpreview.auto.tests.DpreviewFeedbackAndHelpTest -->
