<?xml version="1.0" encoding="UTF-8"?>
<!-- Generated by org.testng.reporters.JUnitReportReporter -->
<testsuite skipped="0" hostname="SpearHead-PC" name="com.dpreview.auto.tests.DpreviewLoginTest" tests="4" failures="0" timestamp="06 Nov 2018 05:28:34 GMT" time="56.390" errors="0">
  <testcase name="loginPageTest" time="17.837" classname="com.dpreview.auto.tests.DpreviewLoginTest"/>
  <testcase name="loginDetails1" time="32.564" classname="com.dpreview.auto.tests.DpreviewLoginTest"/>
  <testcase name="enterSettingsTest" time="4.208" classname="com.dpreview.auto.tests.DpreviewLoginTest"/>
  <testcase name="userSettingsTest" time="1.781" classname="com.dpreview.auto.tests.DpreviewLoginTest"/>
</testsuite> <!-- com.dpreview.auto.tests.DpreviewLoginTest -->
