<?xml version="1.0" encoding="UTF-8"?>
<!-- Generated by org.testng.reporters.JUnitReportReporter -->
<testsuite skipped="0" hostname="SpearHead-PC" name="com.dpreview.auto.tests.T2_DpreviewLoginTest" tests="5" failures="0" timestamp="27 Nov 2018 10:27:15 GMT" time="55.646" errors="0">
  <testcase name="loginPageTest" time="15.283" classname="com.dpreview.auto.tests.T2_DpreviewLoginTest"/>
  <testcase name="loginDetails1" time="31.566" classname="com.dpreview.auto.tests.T2_DpreviewLoginTest"/>
  <testcase name="enterSettingsTest" time="2.046" classname="com.dpreview.auto.tests.T2_DpreviewLoginTest"/>
  <testcase name="userSettingsTest" time="2.720" classname="com.dpreview.auto.tests.T2_DpreviewLoginTest"/>
  <testcase name="navigateToOverviewPage" time="4.031" classname="com.dpreview.auto.tests.T2_DpreviewLoginTest"/>
</testsuite> <!-- com.dpreview.auto.tests.T2_DpreviewLoginTest -->
