<?xml version="1.0" encoding="UTF-8"?>
<!-- Generated by org.testng.reporters.JUnitReportReporter -->
<testsuite skipped="0" hostname="SpearHead-PC" name="com.dpreview.auto.tests.T9_DpreviewNikonD5PagesReviewTest" tests="15" failures="0" timestamp="26 Nov 2018 23:00:44 GMT" time="226.035" errors="0">
  <testcase name="hoverOverMainMenu" time="19.095" classname="com.dpreview.auto.tests.T9_DpreviewNikonD5PagesReviewTest"/>
  <testcase name="introduction" time="10.956" classname="com.dpreview.auto.tests.T9_DpreviewNikonD5PagesReviewTest"/>
  <testcase name="specifications" time="15.561" classname="com.dpreview.auto.tests.T9_DpreviewNikonD5PagesReviewTest"/>
  <testcase name="bodyAndDesign" time="15.821" classname="com.dpreview.auto.tests.T9_DpreviewNikonD5PagesReviewTest"/>
  <testcase name="controlsAndSetup" time="15.217" classname="com.dpreview.auto.tests.T9_DpreviewNikonD5PagesReviewTest"/>
  <testcase name="performance" time="15.118" classname="com.dpreview.auto.tests.T9_DpreviewNikonD5PagesReviewTest"/>
  <testcase name="imageQuality" time="15.978" classname="com.dpreview.auto.tests.T9_DpreviewNikonD5PagesReviewTest"/>
  <testcase name="lowLightHighISO" time="14.546" classname="com.dpreview.auto.tests.T9_DpreviewNikonD5PagesReviewTest"/>
  <testcase name="rawExposureISO" time="17.843" classname="com.dpreview.auto.tests.T9_DpreviewNikonD5PagesReviewTest"/>
  <testcase name="autofocus" time="15.163" classname="com.dpreview.auto.tests.T9_DpreviewNikonD5PagesReviewTest"/>
  <testcase name="realWorldMotocross" time="15.121" classname="com.dpreview.auto.tests.T9_DpreviewNikonD5PagesReviewTest"/>
  <testcase name="realWorldSoccer" time="16.911" classname="com.dpreview.auto.tests.T9_DpreviewNikonD5PagesReviewTest"/>
  <testcase name="video" time="15.864" classname="com.dpreview.auto.tests.T9_DpreviewNikonD5PagesReviewTest"/>
  <testcase name="conclusionAndSamples" time="17.770" classname="com.dpreview.auto.tests.T9_DpreviewNikonD5PagesReviewTest"/>
  <testcase name="conclusionHeadline" time="5.071" classname="com.dpreview.auto.tests.T9_DpreviewNikonD5PagesReviewTest"/>
</testsuite> <!-- com.dpreview.auto.tests.T9_DpreviewNikonD5PagesReviewTest -->
