<?xml version="1.0" encoding="UTF-8"?>
<!-- Generated by org.testng.reporters.JUnitReportReporter -->
<testsuite skipped="0" hostname="SpearHead-PC" name="com.dpreview.auto.tests.T10_DpreviewNikonD5ReviewConclusionTest" tests="17" failures="0" timestamp="27 Nov 2018 08:49:12 GMT" time="99.721" errors="0">
  <testcase name="validatingConclusionPage" time="15.878" classname="com.dpreview.auto.tests.T10_DpreviewNikonD5ReviewConclusionTest"/>
  <testcase name="conclusionHeadline" time="5.091" classname="com.dpreview.auto.tests.T10_DpreviewNikonD5ReviewConclusionTest"/>
  <testcase name="overallConclusion" time="5.057" classname="com.dpreview.auto.tests.T10_DpreviewNikonD5ReviewConclusionTest"/>
  <testcase name="handling" time="5.056" classname="com.dpreview.auto.tests.T10_DpreviewNikonD5ReviewConclusionTest"/>
  <testcase name="soccerImageSummary" time="5.051" classname="com.dpreview.auto.tests.T10_DpreviewNikonD5ReviewConclusionTest"/>
  <testcase name="dogImageSummary" time="5.050" classname="com.dpreview.auto.tests.T10_DpreviewNikonD5ReviewConclusionTest"/>
  <testcase name="autofocusAndPerformance" time="5.049" classname="com.dpreview.auto.tests.T10_DpreviewNikonD5ReviewConclusionTest"/>
  <testcase name="motorcycleImageSummary" time="5.052" classname="com.dpreview.auto.tests.T10_DpreviewNikonD5ReviewConclusionTest"/>
  <testcase name="singerImageSummary" time="5.044" classname="com.dpreview.auto.tests.T10_DpreviewNikonD5ReviewConclusionTest"/>
  <testcase name="stillsAndVideo" time="5.047" classname="com.dpreview.auto.tests.T10_DpreviewNikonD5ReviewConclusionTest"/>
  <testcase name="manOnGrassImageSummary" time="5.045" classname="com.dpreview.auto.tests.T10_DpreviewNikonD5ReviewConclusionTest"/>
  <testcase name="womanImageSummary" time="5.058" classname="com.dpreview.auto.tests.T10_DpreviewNikonD5ReviewConclusionTest"/>
  <testcase name="theFinalWord" time="5.048" classname="com.dpreview.auto.tests.T10_DpreviewNikonD5ReviewConclusionTest"/>
  <testcase name="fieldMotorcycleImageSummary" time="5.051" classname="com.dpreview.auto.tests.T10_DpreviewNikonD5ReviewConclusionTest"/>
  <testcase name="nikonD5SummaryTable" time="5.050" classname="com.dpreview.auto.tests.T10_DpreviewNikonD5ReviewConclusionTest"/>
  <testcase name="nikonD5Conclusion" time="5.050" classname="com.dpreview.auto.tests.T10_DpreviewNikonD5ReviewConclusionTest"/>
  <testcase name="samplesGalleryHeadline" time="8.044" classname="com.dpreview.auto.tests.T10_DpreviewNikonD5ReviewConclusionTest"/>
</testsuite> <!-- com.dpreview.auto.tests.T10_DpreviewNikonD5ReviewConclusionTest -->
