<?xml version="1.0" encoding="UTF-8"?>
<!-- Generated by org.testng.reporters.JUnitReportReporter -->
<testsuite skipped="0" hostname="SpearHead-PC" name="com.dpreview.auto.tests.T6_DpreviewSmartphonesIndexOrderTest" tests="7" failures="0" timestamp="14 Nov 2018 17:38:53 GMT" time="52.185" errors="0">
  <testcase name="hoveringReviewsElement" time="15.891" classname="com.dpreview.auto.tests.T6_DpreviewSmartphonesIndexOrderTest"/>
  <testcase name="selectingSmartphoneReviews" time="5.890" classname="com.dpreview.auto.tests.T6_DpreviewSmartphonesIndexOrderTest"/>
  <testcase name="smartphonesIndexOrder" time="9.243" classname="com.dpreview.auto.tests.T6_DpreviewSmartphonesIndexOrderTest"/>
  <testcase name="blackberryBrand" time="5.061" classname="com.dpreview.auto.tests.T6_DpreviewSmartphonesIndexOrderTest"/>
  <testcase name="microsoftBrand" time="5.043" classname="com.dpreview.auto.tests.T6_DpreviewSmartphonesIndexOrderTest"/>
  <testcase name="panasonicBrand" time="5.047" classname="com.dpreview.auto.tests.T6_DpreviewSmartphonesIndexOrderTest"/>
  <testcase name="sonyBrand" time="6.010" classname="com.dpreview.auto.tests.T6_DpreviewSmartphonesIndexOrderTest"/>
</testsuite> <!-- com.dpreview.auto.tests.T6_DpreviewSmartphonesIndexOrderTest -->
