<?xml version="1.0" encoding="UTF-8"?>
<!-- Generated by org.testng.reporters.JUnitReportReporter -->
<testsuite skipped="0" hostname="SpearHead-PC" name="com.dpreview.auto.tests.T9_DpreviewNikonD5PagesReviewTest" tests="14" failures="0" timestamp="29 Nov 2018 17:38:47 GMT" time="234.416" errors="0">
  <testcase name="hoverOverMainMenu" time="19.020" classname="com.dpreview.auto.tests.T9_DpreviewNikonD5PagesReviewTest"/>
  <testcase name="introduction" time="11.011" classname="com.dpreview.auto.tests.T9_DpreviewNikonD5PagesReviewTest"/>
  <testcase name="specifications" time="15.964" classname="com.dpreview.auto.tests.T9_DpreviewNikonD5PagesReviewTest"/>
  <testcase name="bodyAndDesign" time="16.589" classname="com.dpreview.auto.tests.T9_DpreviewNikonD5PagesReviewTest"/>
  <testcase name="controlsAndSetup" time="16.716" classname="com.dpreview.auto.tests.T9_DpreviewNikonD5PagesReviewTest"/>
  <testcase name="performance" time="15.612" classname="com.dpreview.auto.tests.T9_DpreviewNikonD5PagesReviewTest"/>
  <testcase name="imageQuality" time="15.905" classname="com.dpreview.auto.tests.T9_DpreviewNikonD5PagesReviewTest"/>
  <testcase name="lowLightHighISO" time="14.733" classname="com.dpreview.auto.tests.T9_DpreviewNikonD5PagesReviewTest"/>
  <testcase name="rawExposureISO" time="17.253" classname="com.dpreview.auto.tests.T9_DpreviewNikonD5PagesReviewTest"/>
  <testcase name="autofocus" time="17.271" classname="com.dpreview.auto.tests.T9_DpreviewNikonD5PagesReviewTest"/>
  <testcase name="realWorldMotocross" time="15.524" classname="com.dpreview.auto.tests.T9_DpreviewNikonD5PagesReviewTest"/>
  <testcase name="realWorldSoccer" time="18.180" classname="com.dpreview.auto.tests.T9_DpreviewNikonD5PagesReviewTest"/>
  <testcase name="video" time="16.127" classname="com.dpreview.auto.tests.T9_DpreviewNikonD5PagesReviewTest"/>
  <testcase name="conclusionAndSamples" time="24.511" classname="com.dpreview.auto.tests.T9_DpreviewNikonD5PagesReviewTest"/>
</testsuite> <!-- com.dpreview.auto.tests.T9_DpreviewNikonD5PagesReviewTest -->
