<?xml version="1.0" encoding="UTF-8"?>
<!-- Generated by org.testng.reporters.JUnitReportReporter -->
<testsuite skipped="0" hostname="SpearHead-PC" name="com.dpreview.auto.tests.DpreviewLoginTest" tests="4" failures="0" timestamp="04 Nov 2018 18:48:25 GMT" time="58.701" errors="0">
  <testcase name="loginPageTest" time="22.901" classname="com.dpreview.auto.tests.DpreviewLoginTest"/>
  <testcase name="loginDetails1" time="31.909" classname="com.dpreview.auto.tests.DpreviewLoginTest"/>
  <testcase name="enterSettingsTest" time="2.133" classname="com.dpreview.auto.tests.DpreviewLoginTest"/>
  <testcase name="userSettingsTest" time="1.758" classname="com.dpreview.auto.tests.DpreviewLoginTest"/>
</testsuite> <!-- com.dpreview.auto.tests.DpreviewLoginTest -->
