<?xml version="1.0" encoding="UTF-8"?>
<!-- Generated by org.testng.reporters.JUnitReportReporter -->
<testsuite skipped="0" hostname="SpearHead-PC" name="com.dpreview.auto.tests.DpreviewLoginTest" tests="4" failures="0" timestamp="06 Nov 2018 08:47:14 GMT" time="54.167" errors="0">
  <testcase name="loginPageTest" time="18.267" classname="com.dpreview.auto.tests.DpreviewLoginTest"/>
  <testcase name="loginDetails1" time="32.485" classname="com.dpreview.auto.tests.DpreviewLoginTest"/>
  <testcase name="enterSettingsTest" time="1.681" classname="com.dpreview.auto.tests.DpreviewLoginTest"/>
  <testcase name="userSettingsTest" time="1.734" classname="com.dpreview.auto.tests.DpreviewLoginTest"/>
</testsuite> <!-- com.dpreview.auto.tests.DpreviewLoginTest -->
