<?xml version="1.0" encoding="UTF-8"?>
<!-- Generated by org.testng.reporters.JUnitReportReporter -->
<testsuite skipped="0" hostname="SpearHead-PC" name="com.dpreview.auto.tests.T9_DpreviewNikonD5Test" tests="4" failures="0" timestamp="26 Nov 2018 21:10:02 GMT" time="61.187" errors="0">
  <testcase name="hoverOverMainMenu" time="19.003" classname="com.dpreview.auto.tests.T9_DpreviewNikonD5Test"/>
  <testcase name="introduction" time="10.858" classname="com.dpreview.auto.tests.T9_DpreviewNikonD5Test"/>
  <testcase name="specifications" time="15.287" classname="com.dpreview.auto.tests.T9_DpreviewNikonD5Test"/>
  <testcase name="bodyAndDesign" time="16.039" classname="com.dpreview.auto.tests.T9_DpreviewNikonD5Test"/>
</testsuite> <!-- com.dpreview.auto.tests.T9_DpreviewNikonD5Test -->
