<?xml version="1.0" encoding="UTF-8"?>
<!-- Generated by org.testng.reporters.JUnitReportReporter -->
<testsuite skipped="0" hostname="SpearHead-PC" name="com.dpreview.auto.tests.T5_DpreviewSmartphonesReviewTest" tests="12" failures="0" timestamp="13 Dec 2018 08:06:42 GMT" time="66.266" errors="0">
  <testcase name="loginLinkTest" time="16.202" classname="com.dpreview.auto.tests.T5_DpreviewSmartphonesReviewTest"/>
  <testcase name="loginDetails" time="6.620" classname="com.dpreview.auto.tests.T5_DpreviewSmartphonesReviewTest"/>
  <testcase name="hoveringReviewsElement" time="0.670" classname="com.dpreview.auto.tests.T5_DpreviewSmartphonesReviewTest"/>
  <testcase name="selectingSmartphoneReviews" time="4.306" classname="com.dpreview.auto.tests.T5_DpreviewSmartphonesReviewTest"/>
  <testcase name="scrollPage" time="0.542" classname="com.dpreview.auto.tests.T5_DpreviewSmartphonesReviewTest"/>
  <testcase name="appleiPhoneXElement" time="5.769" classname="com.dpreview.auto.tests.T5_DpreviewSmartphonesReviewTest"/>
  <testcase name="appleiPhoneXReviewPage1" time="2.606" classname="com.dpreview.auto.tests.T5_DpreviewSmartphonesReviewTest"/>
  <testcase name="appleiPhoneXReviewPage2" time="2.693" classname="com.dpreview.auto.tests.T5_DpreviewSmartphonesReviewTest"/>
  <testcase name="appleiPhoneXReviewPage3" time="3.510" classname="com.dpreview.auto.tests.T5_DpreviewSmartphonesReviewTest"/>
  <testcase name="appleiPhoneXReviewPage4" time="5.067" classname="com.dpreview.auto.tests.T5_DpreviewSmartphonesReviewTest"/>
  <testcase name="appleiPhoneXReviewPage5" time="7.056" classname="com.dpreview.auto.tests.T5_DpreviewSmartphonesReviewTest"/>
  <testcase name="appleiPhoneXReviewPage6" time="11.225" classname="com.dpreview.auto.tests.T5_DpreviewSmartphonesReviewTest"/>
</testsuite> <!-- com.dpreview.auto.tests.T5_DpreviewSmartphonesReviewTest -->
