<?xml version="1.0" encoding="UTF-8"?>
<!-- Generated by org.testng.reporters.JUnitReportReporter -->
<testsuite skipped="0" hostname="SpearHead-PC" name="com.dpreview.auto.tests.T2_DpreviewLoginTest" tests="5" failures="0" timestamp="27 Nov 2018 07:16:23 GMT" time="95.849" errors="0">
  <testcase name="loginPageTest" time="16.172" classname="com.dpreview.auto.tests.T2_DpreviewLoginTest"/>
  <testcase name="loginDetails1" time="32.821" classname="com.dpreview.auto.tests.T2_DpreviewLoginTest"/>
  <testcase name="enterSettingsTest" time="2.174" classname="com.dpreview.auto.tests.T2_DpreviewLoginTest"/>
  <testcase name="userSettingsTest" time="43.061" classname="com.dpreview.auto.tests.T2_DpreviewLoginTest"/>
  <testcase name="navigateToOverviewPage" time="1.621" classname="com.dpreview.auto.tests.T2_DpreviewLoginTest"/>
</testsuite> <!-- com.dpreview.auto.tests.T2_DpreviewLoginTest -->
