<?xml version="1.0" encoding="UTF-8"?>
<!-- Generated by org.testng.reporters.JUnitReportReporter -->
<testsuite skipped="0" hostname="SpearHead-PC" name="com.dpreview.auto.tests.DropdownTest" tests="1" failures="0" timestamp="14 Nov 2018 15:02:15 GMT" time="23.581" errors="0">
  <testcase name="main" time="23.581" classname="com.dpreview.auto.tests.DropdownTest"/>
</testsuite> <!-- com.dpreview.auto.tests.DropdownTest -->
