<?xml version="1.0" encoding="UTF-8"?>
<!-- Generated by org.testng.reporters.JUnitReportReporter -->
<testsuite skipped="0" hostname="SpearHead-PC" name="com.dpreview.auto.tests.DpreviewFeedbackTest" tests="3" failures="0" timestamp="07 Nov 2018 08:10:25 GMT" time="16.476" errors="0">
  <testcase name="homePage" time="14.101" classname="com.dpreview.auto.tests.DpreviewFeedbackTest"/>
  <testcase name="feedbackPageAccess" time="2.167" classname="com.dpreview.auto.tests.DpreviewFeedbackTest"/>
  <testcase name="feedbackForum" time="0.208" classname="com.dpreview.auto.tests.DpreviewFeedbackTest"/>
</testsuite> <!-- com.dpreview.auto.tests.DpreviewFeedbackTest -->
