<?xml version="1.0" encoding="UTF-8"?>
<!-- Generated by org.testng.reporters.JUnitReportReporter -->
<testsuite skipped="0" hostname="SpearHead-PC" name="com.dpreview.auto.tests.T4_DpreviewMyRecentActivityTest" tests="1" failures="0" timestamp="29 Nov 2018 17:53:38 GMT" time="20.445" errors="0">
  <testcase name="userGearList" time="20.445" classname="com.dpreview.auto.tests.T4_DpreviewMyRecentActivityTest"/>
</testsuite> <!-- com.dpreview.auto.tests.T4_DpreviewMyRecentActivityTest -->
