<?xml version="1.0" encoding="UTF-8"?>
<!-- Generated by org.testng.reporters.JUnitReportReporter -->
<testsuite skipped="0" hostname="SpearHead-PC" name="com.dpreview.auto.tests.T2_DpreviewLoginTest" tests="5" failures="0" timestamp="09 Nov 2018 08:20:05 GMT" time="76.143" errors="0">
  <testcase name="loginPageTest" time="19.947" classname="com.dpreview.auto.tests.T2_DpreviewLoginTest"/>
  <testcase name="loginDetails1" time="33.288" classname="com.dpreview.auto.tests.T2_DpreviewLoginTest"/>
  <testcase name="enterSettingsTest" time="2.569" classname="com.dpreview.auto.tests.T2_DpreviewLoginTest"/>
  <testcase name="userSettingsTest" time="17.825" classname="com.dpreview.auto.tests.T2_DpreviewLoginTest"/>
  <testcase name="navigateToOverviewPage" time="2.514" classname="com.dpreview.auto.tests.T2_DpreviewLoginTest"/>
</testsuite> <!-- com.dpreview.auto.tests.T2_DpreviewLoginTest -->
