<?xml version="1.0" encoding="UTF-8"?>
<!-- Generated by org.testng.reporters.JUnitReportReporter -->
<testsuite skipped="0" hostname="SpearHead-PC" name="com.dpreview.auto.tests.DpreviewFeedbackSending" tests="5" failures="0" timestamp="07 Nov 2018 21:30:19 GMT" time="112.682" errors="0">
  <testcase name="homePage" time="63.660" classname="com.dpreview.auto.tests.DpreviewFeedbackSending"/>
  <testcase name="feedbackPageAccess" time="35.954" classname="com.dpreview.auto.tests.DpreviewFeedbackSending"/>
  <testcase name="scrollToContactingUs" time="10.077" classname="com.dpreview.auto.tests.DpreviewFeedbackSending"/>
  <testcase name="scrollToYourEmail" time="0.051" classname="com.dpreview.auto.tests.DpreviewFeedbackSending"/>
  <testcase name="sendFeedback" time="2.940" classname="com.dpreview.auto.tests.DpreviewFeedbackSending"/>
</testsuite> <!-- com.dpreview.auto.tests.DpreviewFeedbackSending -->
